New log file opened at Mon Oct 26 00:54:13 HKT 2015 by 25120@BeenoTung-Archlinux-Home
Taking next connection to: 32790
New client attempting to connect on port: 41234-32790
  Address = /192.168.1.3:32790
This client on port 41234 has uuid df9ea6a1-b5cd-457e-8468-69128ff70353 configName activator humanReadableName Activator protocolVersion 3 featureTags Vector()
Connected Clients: activator-df9ea6a1-b5cd-457e-8468-69128ff70353
Taking next connection to: 32790
New client attempting to connect on port: 41276-32790
  Address = /192.168.1.3:32790
Handshake exception on socket: 41276
sbt.impl.ipc.HandshakeException: Unable to perform handshake
	at sbt.impl.ipc.Peer.handshake(IPC.scala:46)
	at sbt.impl.ipc.MultiClientServer.<init>(IPC.scala:150)
	at sbt.server.SbtServerSocketHandler$$anon$1.run(SbtServerSocketHandler.scala:43)
Caused by: java.io.EOFException
	at java.io.DataInputStream.readInt(DataInputStream.java:392)
	at sbt.impl.ipc.Peer.receive(IPC.scala:95)
	at sbt.impl.ipc.Peer.handshake(IPC.scala:49)
	... 2 more
Taking next connection to: 32790
New client attempting to connect on port: 41280-32790
  Address = /192.168.1.3:32790
This client on port 41280 has uuid e581416a-1d73-4cd5-bf65-df57bbe3cfb7 configName activator humanReadableName Activator protocolVersion 3 featureTags Vector()
Connected Clients: activator-e581416a-1d73-4cd5-bf65-df57bbe3cfb7
Taking next connection to: 32790
New client attempting to connect on port: 41282-32790
  Address = /192.168.1.3:32790
Handshake exception on socket: 41282
sbt.impl.ipc.HandshakeException: Unable to perform handshake
	at sbt.impl.ipc.Peer.handshake(IPC.scala:46)
	at sbt.impl.ipc.MultiClientServer.<init>(IPC.scala:150)
	at sbt.server.SbtServerSocketHandler$$anon$1.run(SbtServerSocketHandler.scala:43)
Caused by: java.io.EOFException
	at java.io.DataInputStream.readInt(DataInputStream.java:392)
	at sbt.impl.ipc.Peer.receive(IPC.scala:95)
	at sbt.impl.ipc.Peer.handshake(IPC.scala:49)
	... 2 more
Taking next connection to: 32790
New client attempting to connect on port: 41286-32790
  Address = /192.168.1.3:32790
This client on port 41286 has uuid a78a2969-93aa-45b9-af3e-a925b861215d configName activator humanReadableName Activator protocolVersion 3 featureTags Vector()
Connected Clients: activator-e581416a-1d73-4cd5-bf65-df57bbe3cfb7, activator-a78a2969-93aa-45b9-af3e-a925b861215d
Taking next connection to: 32790
Checking to see if clients are empty...
We have 1 non-daemon clients, continuing serving connections.
Taking next connection to: 32790
Checking to see if clients are empty...
We have 1 non-daemon clients, continuing serving connections.
Taking next connection to: 32790
Checking to see if clients are empty...
We have 1 non-daemon clients, continuing serving connections.
Taking next connection to: 32790
Checking to see if clients are empty...
We have 1 non-daemon clients, continuing serving connections.
Taking next connection to: 32790
Checking to see if clients are empty...
We have 1 non-daemon clients, continuing serving connections.
Taking next connection to: 32790
Checking to see if clients are empty...
We have 1 non-daemon clients, continuing serving connections.
Taking next connection to: 32790
New client attempting to connect on port: 41970-32790
  Address = /192.168.1.3:32790
Handshake exception on socket: 41970
sbt.impl.ipc.HandshakeException: Unable to perform handshake
	at sbt.impl.ipc.Peer.handshake(IPC.scala:46)
	at sbt.impl.ipc.MultiClientServer.<init>(IPC.scala:150)
	at sbt.server.SbtServerSocketHandler$$anon$1.run(SbtServerSocketHandler.scala:43)
Caused by: java.io.EOFException
	at java.io.DataInputStream.readInt(DataInputStream.java:392)
	at sbt.impl.ipc.Peer.receive(IPC.scala:95)
	at sbt.impl.ipc.Peer.handshake(IPC.scala:49)
	... 2 more
Taking next connection to: 32790
New client attempting to connect on port: 41982-32790
  Address = /192.168.1.3:32790
This client on port 41982 has uuid a34c704e-f607-49ec-a628-babe3d409f41 configName activator humanReadableName Activator protocolVersion 3 featureTags Vector()
Connected Clients: activator-a78a2969-93aa-45b9-af3e-a925b861215d, activator-a34c704e-f607-49ec-a628-babe3d409f41
Taking next connection to: 32790
